<?xml version="1.0" encoding="UTF-8"?>
<!-- Generated by org.testng.reporters.JUnitReportReporter -->
<testsuite hostname="INLaptop136.local" failures="0" tests="5" name="com.mindtickle.tests.UserAPITest" time="4.957" errors="0" timestamp="2023-08-18T22:10:13 IST" skipped="0">
  <testcase classname="com.mindtickle.tests.UserAPITest" name="createSingleUserWithOverrides" time="1.280"/>
  <system-out/>
  <testcase classname="com.mindtickle.tests.UserAPITest" name="createMultiUsersFromJsonFile" time="0.993"/>
  <system-out/>
  <testcase classname="com.mindtickle.tests.UserAPITest" name="testUpdateUser" time="0.872"/>
  <system-out/>
  <testcase classname="com.mindtickle.tests.UserAPITest" name="testUpdateUserFromFile" time="0.905"/>
  <system-out/>
  <testcase classname="com.mindtickle.tests.UserAPITest" name="testGetUserByUsername" time="0.907"/>
  <system-out/>
</testsuite> <!-- com.mindtickle.tests.UserAPITest -->
