<?xml version="1.0" encoding="UTF-8"?>
<!-- Generated by org.testng.reporters.JUnitReportReporter -->
<testsuite hostname="INLaptop136.local" failures="0" tests="5" name="com.mindtickle.tests.PetAPITest" time="4.725" errors="0" timestamp="2023-08-18T22:10:13 IST" skipped="0">
  <testcase classname="com.mindtickle.tests.PetAPITest" name="createPetFromJsonFile" time="0.916"/>
  <system-out/>
  <testcase classname="com.mindtickle.tests.PetAPITest" name="createMultiPetFromJsonFile" time="0.915"/>
  <system-out/>
  <testcase classname="com.mindtickle.tests.PetAPITest" name="testUpdatePet" time="0.926"/>
  <system-out/>
  <testcase classname="com.mindtickle.tests.PetAPITest" name="testUpdatePetFromFile" time="1.018"/>
  <system-out/>
  <testcase classname="com.mindtickle.tests.PetAPITest" name="testGetPetsByStatus" time="0.950"/>
  <system-out/>
</testsuite> <!-- com.mindtickle.tests.PetAPITest -->
